<?xml version="1.0" encoding="UTF-8"?>
<testng-results ignored="0" total="2" passed="2" failed="0" skipped="0">
  <reporter-output>
  </reporter-output>
  <suite started-at="2022-12-14T15:33:16 EET" name="Default Suite" finished-at="2022-12-14T15:33:19 EET" duration-ms="2952">
    <groups>
    </groups>
    <test started-at="2022-12-14T15:33:16 EET" name="RESTAssuredProjct" finished-at="2022-12-14T15:33:19 EET" duration-ms="2952">
      <class name="APITests.APITest1">
        <test-method signature="test1()[pri:0, instance:APITests.APITest1@64c87930]" started-at="2022-12-14T15:33:16 EET" name="test1" finished-at="2022-12-14T15:33:18 EET" duration-ms="2631" status="PASS">
          <reporter-output>
          </reporter-output>
        </test-method> <!-- test1 -->
        <test-method signature="test2()[pri:0, instance:APITests.APITest1@64c87930]" started-at="2022-12-14T15:33:18 EET" name="test2" finished-at="2022-12-14T15:33:19 EET" duration-ms="266" status="PASS">
          <reporter-output>
          </reporter-output>
        </test-method> <!-- test2 -->
      </class> <!-- APITests.APITest1 -->
    </test> <!-- RESTAssuredProjct -->
  </suite> <!-- Default Suite -->
</testng-results>
